This file contains any messages produced by compilers while
running configure, to aid debugging if configure makes a mistake.

It was created by configure, which was
generated by GNU Autoconf 2.63.  Invocation command line was

  $ ./configure 

## --------- ##
## Platform. ##
## --------- ##

hostname = rain1
uname -m = x86_64
uname -r = 2.6.32-431.11.2.el6.x86_64
uname -s = Linux
uname -v = #1 SMP Tue Mar 25 19:59:55 UTC 2014

/usr/bin/uname -p = unknown
/bin/uname -X     = unknown

/bin/arch              = x86_64
/usr/bin/arch -k       = unknown
/usr/convex/getsysinfo = unknown
/usr/bin/hostinfo      = unknown
/bin/machine           = unknown
/usr/bin/oslevel       = unknown
/bin/universe          = unknown

PATH: /usr/local/bin
PATH: /bin
PATH: /usr/bin
PATH: /usr/local/sbin
PATH: /usr/sbin
PATH: /sbin


## ----------- ##
## Core tests. ##
## ----------- ##

configure:2028: checking for a BSD-compatible install
configure:2096: result: /usr/bin/install -c
configure:2107: checking whether build environment is sane
configure:2150: result: yes
configure:2162: checking whether make sets $(MAKE)
configure:2184: result: yes
configure:2216: checking for working aclocal-1.4
configure:2227: result: missing
configure:2231: checking for working autoconf
configure:2238: result: found
configure:2246: checking for working automake-1.4
configure:2257: result: missing
configure:2261: checking for working autoheader
configure:2268: result: found
configure:2276: checking for working makeinfo
configure:2287: result: missing
configure:2341: checking for gcc
configure:2357: found /usr/bin/gcc
configure:2368: result: gcc
configure:2600: checking for C compiler version
configure:2608: gcc --version >&5
gcc (GCC) 4.4.7 20120313 (Red Hat 4.4.7-4)
Copyright (C) 2010 Free Software Foundation, Inc.
This is free software; see the source for copying conditions.  There is NO
warranty; not even for MERCHANTABILITY or FITNESS FOR A PARTICULAR PURPOSE.

configure:2612: $? = 0
configure:2619: gcc -v >&5
Using built-in specs.
Target: x86_64-redhat-linux
Configured with: ../configure --prefix=/usr --mandir=/usr/share/man --infodir=/usr/share/info --with-bugurl=http://bugzilla.redhat.com/bugzilla --enable-bootstrap --enable-shared --enable-threads=posix --enable-checking=release --with-system-zlib --enable-__cxa_atexit --disable-libunwind-exceptions --enable-gnu-unique-object --enable-languages=c,c++,objc,obj-c++,java,fortran,ada --enable-java-awt=gtk --disable-dssi --with-java-home=/usr/lib/jvm/java-1.5.0-gcj-1.5.0.0/jre --enable-libgcj-multifile --enable-java-maintainer-mode --with-ecj-jar=/usr/share/java/eclipse-ecj.jar --disable-libjava-multilib --with-ppl --with-cloog --with-tune=generic --with-arch_32=i686 --build=x86_64-redhat-linux
Thread model: posix
gcc version 4.4.7 20120313 (Red Hat 4.4.7-4) (GCC) 
configure:2623: $? = 0
configure:2630: gcc -V >&5
gcc: '-V' option must have argument
configure:2634: $? = 1
configure:2657: checking for C compiler default output file name
configure:2679: gcc    conftest.c  >&5
configure:2683: $? = 0
configure:2721: result: a.out
configure:2740: checking whether the C compiler works
configure:2750: ./a.out
configure:2754: $? = 0
configure:2773: result: yes
configure:2780: checking whether we are cross compiling
configure:2782: result: no
configure:2785: checking for suffix of executables
configure:2792: gcc -o conftest    conftest.c  >&5
configure:2796: $? = 0
configure:2822: result: 
configure:2828: checking for suffix of object files
configure:2854: gcc -c   conftest.c >&5
configure:2858: $? = 0
configure:2883: result: o
configure:2887: checking whether we are using the GNU C compiler
configure:2916: gcc -c   conftest.c >&5
configure:2923: $? = 0
configure:2940: result: yes
configure:2949: checking whether gcc accepts -g
configure:2979: gcc -c -g  conftest.c >&5
configure:2986: $? = 0
configure:3087: result: yes
configure:3104: checking for gcc option to accept ISO C89
configure:3178: gcc  -c -g -O2  conftest.c >&5
configure:3185: $? = 0
configure:3208: result: none needed
configure:3298: checking build system type
configure:3316: result: x86_64-unknown-linux-gnu
configure:3338: checking host system type
configure:3353: result: x86_64-unknown-linux-gnu
configure:3397: checking for ld used by GCC
configure:3460: result: /usr/bin/ld
configure:3469: checking if the linker (/usr/bin/ld) is GNU ld
GNU ld version 2.20.51.0.2-5.36.el6 20100205
configure:3481: result: yes
configure:3486: checking for /usr/bin/ld option to reload object files
configure:3493: result: -r
configure:3498: checking for BSD-compatible nm
configure:3534: result: /usr/bin/nm -B
configure:3537: checking for a sed that does not truncate output
configure:3619: result: /bin/sed
configure:3622: checking whether ln -s works
configure:3626: result: yes
configure:3633: checking how to recognise dependent libraries
configure:3814: result: pass_all
configure:3827: checking command to parse /usr/bin/nm -B output
configure:3911: gcc -c -g -O2  conftest.c >&5
configure:3914: $? = 0
configure:3918: /usr/bin/nm -B conftest.o \| sed -n -e 's/^.*[ 	]\([ABCDGISTW][ABCDGISTW]*\)[ 	][ 	]*\(\)\([_A-Za-z][_A-Za-z0-9]*\)$/\1 \2\3 \3/p' \> conftest.nm
configure:3921: $? = 0
configure:3973: gcc -o conftest -g -O2   conftest.c conftstm.o >&5
configure:3976: $? = 0
configure:4020: result: ok
configure:4029: checking how to run the C preprocessor
configure:4069: gcc -E  conftest.c
configure:4076: $? = 0
configure:4107: gcc -E  conftest.c
conftest.c:10:28: error: ac_nonexistent.h: No such file or directory
configure:4114: $? = 1
configure: failed program was:
| /* confdefs.h.  */
| #define PACKAGE_NAME ""
| #define PACKAGE_TARNAME ""
| #define PACKAGE_VERSION ""
| #define PACKAGE_STRING ""
| #define PACKAGE_BUGREPORT ""
| #define PACKAGE "TC"
| #define VERSION "1.0"
| /* end confdefs.h.  */
| #include <ac_nonexistent.h>
configure:4147: result: gcc -E
configure:4176: gcc -E  conftest.c
configure:4183: $? = 0
configure:4214: gcc -E  conftest.c
conftest.c:10:28: error: ac_nonexistent.h: No such file or directory
configure:4221: $? = 1
configure: failed program was:
| /* confdefs.h.  */
| #define PACKAGE_NAME ""
| #define PACKAGE_TARNAME ""
| #define PACKAGE_VERSION ""
| #define PACKAGE_STRING ""
| #define PACKAGE_BUGREPORT ""
| #define PACKAGE "TC"
| #define VERSION "1.0"
| /* end confdefs.h.  */
| #include <ac_nonexistent.h>
configure:4261: checking for grep that handles long lines and -e
configure:4321: result: /bin/grep
configure:4326: checking for egrep
configure:4390: result: /bin/grep -E
configure:4395: checking for ANSI C header files
configure:4425: gcc -c -g -O2  conftest.c >&5
configure:4432: $? = 0
configure:4531: gcc -o conftest -g -O2   conftest.c  >&5
configure:4535: $? = 0
configure:4541: ./conftest
configure:4545: $? = 0
configure:4563: result: yes
configure:4587: checking for sys/types.h
configure:4608: gcc -c -g -O2  conftest.c >&5
configure:4615: $? = 0
configure:4632: result: yes
configure:4587: checking for sys/stat.h
configure:4608: gcc -c -g -O2  conftest.c >&5
configure:4615: $? = 0
configure:4632: result: yes
configure:4587: checking for stdlib.h
configure:4608: gcc -c -g -O2  conftest.c >&5
configure:4615: $? = 0
configure:4632: result: yes
configure:4587: checking for string.h
configure:4608: gcc -c -g -O2  conftest.c >&5
configure:4615: $? = 0
configure:4632: result: yes
configure:4587: checking for memory.h
configure:4608: gcc -c -g -O2  conftest.c >&5
configure:4615: $? = 0
configure:4632: result: yes
configure:4587: checking for strings.h
configure:4608: gcc -c -g -O2  conftest.c >&5
configure:4615: $? = 0
configure:4632: result: yes
configure:4587: checking for inttypes.h
configure:4608: gcc -c -g -O2  conftest.c >&5
configure:4615: $? = 0
configure:4632: result: yes
configure:4587: checking for stdint.h
configure:4608: gcc -c -g -O2  conftest.c >&5
configure:4615: $? = 0
configure:4632: result: yes
configure:4587: checking for unistd.h
configure:4608: gcc -c -g -O2  conftest.c >&5
configure:4615: $? = 0
configure:4632: result: yes
configure:4662: checking dlfcn.h usability
configure:4679: gcc -c -g -O2  conftest.c >&5
configure:4686: $? = 0
configure:4700: result: yes
configure:4704: checking dlfcn.h presence
configure:4719: gcc -E  conftest.c
configure:4726: $? = 0
configure:4740: result: yes
configure:4768: checking for dlfcn.h
configure:4777: result: yes
configure:4979: checking for ranlib
configure:4995: found /usr/bin/ranlib
configure:5006: result: ranlib
configure:5071: checking for strip
configure:5087: found /usr/bin/strip
configure:5098: result: strip
configure:5161: gcc -c -g -O2  conftest.c >&5
configure:5164: $? = 0
configure:5346: checking for objdir
configure:5357: result: .libs
configure:5374: checking for gcc option to produce PIC
configure:5520: result: -fPIC
configure:5524: checking if gcc PIC flag -fPIC works
configure:5552: gcc -c -g -O2 -fPIC -DPIC  conftest.c >&5
configure:5559: $? = 0
configure:5601: result: yes
configure:5617: checking if gcc static flag -static works
configure:5646: gcc -o conftest -g -O2   -static conftest.c  >&5
/usr/bin/ld: cannot find -lc
collect2: ld returned 1 exit status
configure:5653: $? = 1
configure: failed program was:
| /* confdefs.h.  */
| #define PACKAGE_NAME ""
| #define PACKAGE_TARNAME ""
| #define PACKAGE_VERSION ""
| #define PACKAGE_STRING ""
| #define PACKAGE_BUGREPORT ""
| #define PACKAGE "TC"
| #define VERSION "1.0"
| #define STDC_HEADERS 1
| #define HAVE_SYS_TYPES_H 1
| #define HAVE_SYS_STAT_H 1
| #define HAVE_STDLIB_H 1
| #define HAVE_STRING_H 1
| #define HAVE_MEMORY_H 1
| #define HAVE_STRINGS_H 1
| #define HAVE_INTTYPES_H 1
| #define HAVE_STDINT_H 1
| #define HAVE_UNISTD_H 1
| #define HAVE_DLFCN_H 1
| /* end confdefs.h.  */
| 
| int
| main ()
| {
| 
|   ;
|   return 0;
| }
configure:5679: result: no
configure:5691: checking if gcc supports -c -o file.o
configure:5711: gcc -c -g -O2 -o out/conftest2.o  conftest.c >&5
configure:5735: result: yes
configure:5740: checking if gcc supports -c -o file.lo
configure:5772: gcc -c -g -O2 -c -o conftest.lo  conftest.c >&5
configure:5779: $? = 0
configure:5806: result: yes
configure:5837: checking if gcc supports -fno-rtti -fno-exceptions
configure:5864: gcc -c -g -O2 -fno-rtti -fno-exceptions -c conftest.c  conftest.c >&5
cc1: warning: command line option "-fno-rtti" is valid for C++/ObjC++ but not for C
cc1: warning: command line option "-fno-rtti" is valid for C++/ObjC++ but not for C
configure:5871: $? = 0
configure:5893: result: no
configure:5904: checking whether the linker (/usr/bin/ld) supports shared libraries
configure:6599: result: yes
configure:6604: checking how to hardcode library paths into programs
configure:6628: result: immediate
configure:6633: checking whether stripping libraries is possible
configure:6638: result: yes
configure:6649: checking dynamic linker characteristics
configure:6917: gcc -c -g -O2  conftest.c >&5
configure:6920: $? = 0
configure:7087: result: GNU/Linux ld.so
configure:7092: checking if libtool supports shared libraries
configure:7094: result: yes
configure:7097: checking whether to build shared libraries
configure:7118: result: yes
configure:7121: checking whether to build static libraries
configure:7125: result: yes
configure:7869: checking whether -lc should be explicitly linked in
configure:7877: gcc -c -g -O2  conftest.c >&5
configure:7880: $? = 0
configure:7894: gcc -shared conftest.o  -v -Wl,-soname -Wl,conftest -o conftest 2\>\&1 \| grep  -lc  \>/dev/null 2\>\&1
configure:7897: $? = 0
configure:7910: result: no
configure:8485: checking for BN_add in -lcrypto
configure:8520: gcc -o conftest -g -O2   conftest.c -lcrypto   >&5
configure:8527: $? = 0
configure:8548: result: yes
configure:8562: checking for ANSI C header files
configure:8730: result: yes
configure:8759: checking stdio.h usability
configure:8776: gcc -c -g -O2  conftest.c >&5
configure:8783: $? = 0
configure:8797: result: yes
configure:8801: checking stdio.h presence
configure:8816: gcc -E  conftest.c
configure:8823: $? = 0
configure:8837: result: yes
configure:8865: checking for stdio.h
configure:8874: result: yes
configure:8759: checking openssl/bn.h usability
configure:8776: gcc -c -g -O2  conftest.c >&5
configure:8783: $? = 0
configure:8797: result: yes
configure:8801: checking openssl/bn.h presence
configure:8816: gcc -E  conftest.c
configure:8823: $? = 0
configure:8837: result: yes
configure:8865: checking for openssl/bn.h
configure:8874: result: yes
configure:8759: checking openssl/evp.h usability
configure:8776: gcc -c -g -O2  conftest.c >&5
configure:8783: $? = 0
configure:8797: result: yes
configure:8801: checking openssl/evp.h presence
configure:8816: gcc -E  conftest.c
configure:8823: $? = 0
configure:8837: result: yes
configure:8865: checking for openssl/evp.h
configure:8874: result: yes
configure:8748: checking for unistd.h
configure:8755: result: yes
configure:8890: checking for an ANSI C-conforming const
configure:8965: gcc -c -g -O2  conftest.c >&5
configure:8972: $? = 0
configure:8987: result: yes
configure:9103: creating ./config.status

## ---------------------- ##
## Running config.status. ##
## ---------------------- ##

This file was extended by config.status, which was
generated by GNU Autoconf 2.63.  Invocation command line was

  CONFIG_FILES    = 
  CONFIG_HEADERS  = 
  CONFIG_LINKS    = 
  CONFIG_COMMANDS = 
  $ ./config.status 

on rain1

config.status:766: creating Makefile
config.status:913: WARNING:  'Makefile.in' seems to ignore the --datarootdir setting
config.status:766: creating config.h
config.status:1000: executing default-1 commands

## ---------------- ##
## Cache variables. ##
## ---------------- ##

ac_cv_build=x86_64-unknown-linux-gnu
ac_cv_c_compiler_gnu=yes
ac_cv_c_const=yes
ac_cv_env_CC_set=
ac_cv_env_CC_value=
ac_cv_env_CFLAGS_set=
ac_cv_env_CFLAGS_value=
ac_cv_env_CPPFLAGS_set=
ac_cv_env_CPPFLAGS_value=
ac_cv_env_CPP_set=
ac_cv_env_CPP_value=
ac_cv_env_LDFLAGS_set=
ac_cv_env_LDFLAGS_value=
ac_cv_env_LIBS_set=
ac_cv_env_LIBS_value=
ac_cv_env_build_alias_set=
ac_cv_env_build_alias_value=
ac_cv_env_host_alias_set=
ac_cv_env_host_alias_value=
ac_cv_env_target_alias_set=
ac_cv_env_target_alias_value=
ac_cv_header_dlfcn_h=yes
ac_cv_header_inttypes_h=yes
ac_cv_header_memory_h=yes
ac_cv_header_openssl_bn_h=yes
ac_cv_header_openssl_evp_h=yes
ac_cv_header_stdc=yes
ac_cv_header_stdint_h=yes
ac_cv_header_stdio_h=yes
ac_cv_header_stdlib_h=yes
ac_cv_header_string_h=yes
ac_cv_header_strings_h=yes
ac_cv_header_sys_stat_h=yes
ac_cv_header_sys_types_h=yes
ac_cv_header_unistd_h=yes
ac_cv_host=x86_64-unknown-linux-gnu
ac_cv_lib_crypto_BN_add=yes
ac_cv_objext=o
ac_cv_path_EGREP='/bin/grep -E'
ac_cv_path_GREP=/bin/grep
ac_cv_path_install='/usr/bin/install -c'
ac_cv_prog_CPP='gcc -E'
ac_cv_prog_ac_ct_CC=gcc
ac_cv_prog_ac_ct_RANLIB=ranlib
ac_cv_prog_ac_ct_STRIP=strip
ac_cv_prog_cc_c89=
ac_cv_prog_cc_g=yes
ac_cv_prog_make_make_set=yes
lt_cv_archive_cmds_need_lc=no
lt_cv_cc_64bit_output=yes
lt_cv_compiler_c_o=yes
lt_cv_compiler_o_lo=yes
lt_cv_deplibs_check_method=pass_all
lt_cv_file_magic_cmd='$MAGIC_CMD'
lt_cv_file_magic_test_file='/lib/libc.so* /lib/libc-*.so'
lt_cv_global_symbol_to_c_name_address='sed -n -e '\''s/^: \([^ ]*\) $/  {\"\1\", (lt_ptr) 0},/p'\'' -e '\''s/^[BCDEGRST] \([^ ]*\) \([^ ]*\)$/  {"\2", (lt_ptr) \&\2},/p'\'''
lt_cv_global_symbol_to_cdecl='sed -n -e '\''s/^. .* \(.*\)$/extern char \1;/p'\'''
lt_cv_ld_reload_flag=-r
lt_cv_path_LD=/usr/bin/ld
lt_cv_path_NM='/usr/bin/nm -B'
lt_cv_path_SED=/bin/sed
lt_cv_prog_cc_can_build_shared=yes
lt_cv_prog_cc_no_builtin=
lt_cv_prog_cc_pic=' -fPIC'
lt_cv_prog_cc_pic_works=yes
lt_cv_prog_cc_shlib=
lt_cv_prog_cc_static=
lt_cv_prog_cc_static_works=no
lt_cv_prog_cc_wl=-Wl,
lt_cv_prog_gnu_ld=yes
lt_cv_sys_global_symbol_pipe='sed -n -e '\''s/^.*[ 	]\([ABCDGISTW][ABCDGISTW]*\)[ 	][ 	]*\(\)\([_A-Za-z][_A-Za-z0-9]*\)$/\1 \2\3 \3/p'\'''

## ----------------- ##
## Output variables. ##
## ----------------- ##

ACLOCAL='/home/platania/prime_demo/OpenTC-1.1/TC-lib-1.0/missing aclocal-1.4'
AUTOCONF='autoconf'
AUTOHEADER='autoheader'
AUTOMAKE='/home/platania/prime_demo/OpenTC-1.1/TC-lib-1.0/missing automake-1.4'
CC='gcc'
CFLAGS='-g -O2'
CPP='gcc -E'
CPPFLAGS=''
DEFS='-DHAVE_CONFIG_H'
ECHO='echo'
ECHO_C=''
ECHO_N='-n'
ECHO_T=''
EGREP='/bin/grep -E'
EXEEXT=''
GREP='/bin/grep'
INSTALL_DATA='${INSTALL} -m 644'
INSTALL_PROGRAM='${INSTALL}'
INSTALL_SCRIPT='${INSTALL}'
LDFLAGS=''
LIBOBJS=''
LIBS='-lcrypto '
LIBTOOL='$(SHELL) $(top_builddir)/libtool'
LN_S='ln -s'
LTLIBOBJS=''
MAKEINFO='/home/platania/prime_demo/OpenTC-1.1/TC-lib-1.0/missing makeinfo'
OBJEXT='o'
PACKAGE='TC'
PACKAGE_BUGREPORT=''
PACKAGE_NAME=''
PACKAGE_STRING=''
PACKAGE_TARNAME=''
PACKAGE_VERSION=''
PATH_SEPARATOR=':'
RANLIB='ranlib'
SET_MAKE=''
SHELL='/bin/sh'
STRIP='strip'
VERSION='1.0'
ac_ct_CC='gcc'
bindir='${exec_prefix}/bin'
build='x86_64-unknown-linux-gnu'
build_alias=''
build_cpu='x86_64'
build_os='linux-gnu'
build_vendor='unknown'
datadir='${datarootdir}'
datarootdir='${prefix}/share'
docdir='${datarootdir}/doc/${PACKAGE}'
dvidir='${docdir}'
exec_prefix='${prefix}'
host='x86_64-unknown-linux-gnu'
host_alias=''
host_cpu='x86_64'
host_os='linux-gnu'
host_vendor='unknown'
htmldir='${docdir}'
includedir='${prefix}/include'
infodir='${datarootdir}/info'
libdir='${exec_prefix}/lib'
libexecdir='${exec_prefix}/libexec'
localedir='${datarootdir}/locale'
localstatedir='${prefix}/var'
mandir='${datarootdir}/man'
oldincludedir='/usr/include'
pdfdir='${docdir}'
prefix='/usr/local'
program_transform_name='s,x,x,'
psdir='${docdir}'
sbindir='${exec_prefix}/sbin'
sharedstatedir='${prefix}/com'
sysconfdir='${prefix}/etc'
target_alias=''

## ----------- ##
## confdefs.h. ##
## ----------- ##

#define PACKAGE_NAME ""
#define PACKAGE_TARNAME ""
#define PACKAGE_VERSION ""
#define PACKAGE_STRING ""
#define PACKAGE_BUGREPORT ""
#define PACKAGE "TC"
#define VERSION "1.0"
#define STDC_HEADERS 1
#define HAVE_SYS_TYPES_H 1
#define HAVE_SYS_STAT_H 1
#define HAVE_STDLIB_H 1
#define HAVE_STRING_H 1
#define HAVE_MEMORY_H 1
#define HAVE_STRINGS_H 1
#define HAVE_INTTYPES_H 1
#define HAVE_STDINT_H 1
#define HAVE_UNISTD_H 1
#define HAVE_DLFCN_H 1
#define HAVE_LIBCRYPTO 1
#define STDC_HEADERS 1
#define HAVE_STDIO_H 1
#define HAVE_OPENSSL_BN_H 1
#define HAVE_OPENSSL_EVP_H 1
#define HAVE_UNISTD_H 1

configure: exit 0
